{"level":"info","message":"Techzon LMS Backend server running in development mode on port 5000","timestamp":"2026-07-01 23:15:54"}
{"level":"info","message":"MongoDB Atlas connected successfully.","timestamp":"2026-07-01 23:15:54"}
{"level":"info","message":"Default System Settings seeded successfully.","timestamp":"2026-07-01 23:15:55"}
{"level":"info","message":"Automated enrollment expiry check executed. Expired 0 courses subscriptions.","timestamp":"2026-07-01 23:15:55"}
{"level":"error","message":"invalid signature","name":"JsonWebTokenError","stack":"JsonWebTokenError: invalid signature\n    at D:\\project\\Lms-System-Techzone\\backend\\node_modules\\jsonwebtoken\\verify.js:171:19\n    at getSecret (D:\\project\\Lms-System-Techzone\\backend\\node_modules\\jsonwebtoken\\verify.js:97:14)\n    at Object.module.exports [as verify] (D:\\project\\Lms-System-Techzone\\backend\\node_modules\\jsonwebtoken\\verify.js:101:10)\n    at verifyAccessToken (D:\\project\\Lms-System-Techzone\\backend\\utils\\token.ts:19:14)\n    at protect (D:\\project\\Lms-System-Techzone\\backend\\middleware\\auth.ts:32:38)\n    at Layer.handle [as handle_request] (D:\\project\\Lms-System-Techzone\\backend\\node_modules\\express\\lib\\router\\layer.js:95:5)\n    at trim_prefix (D:\\project\\Lms-System-Techzone\\backend\\node_modules\\express\\lib\\router\\index.js:328:13)\n    at D:\\project\\Lms-System-Techzone\\backend\\node_modules\\express\\lib\\router\\index.js:286:9\n    at router.process_params (D:\\project\\Lms-System-Techzone\\backend\\node_modules\\express\\lib\\router\\index.js:346:12)\n    at next (D:\\project\\Lms-System-Techzone\\backend\\node_modules\\express\\lib\\router\\index.js:280:10)","timestamp":"2026-07-01 23:15:57"}
{"level":"error","message":"invalid signature","name":"JsonWebTokenError","stack":"JsonWebTokenError: invalid signature\n    at D:\\project\\Lms-System-Techzone\\backend\\node_modules\\jsonwebtoken\\verify.js:171:19\n    at getSecret (D:\\project\\Lms-System-Techzone\\backend\\node_modules\\jsonwebtoken\\verify.js:97:14)\n    at Object.module.exports [as verify] (D:\\project\\Lms-System-Techzone\\backend\\node_modules\\jsonwebtoken\\verify.js:101:10)\n    at verifyAccessToken (D:\\project\\Lms-System-Techzone\\backend\\utils\\token.ts:19:14)\n    at protect (D:\\project\\Lms-System-Techzone\\backend\\middleware\\auth.ts:32:38)\n    at Layer.handle [as handle_request] (D:\\project\\Lms-System-Techzone\\backend\\node_modules\\express\\lib\\router\\layer.js:95:5)\n    at trim_prefix (D:\\project\\Lms-System-Techzone\\backend\\node_modules\\express\\lib\\router\\index.js:328:13)\n    at D:\\project\\Lms-System-Techzone\\backend\\node_modules\\express\\lib\\router\\index.js:286:9\n    at router.process_params (D:\\project\\Lms-System-Techzone\\backend\\node_modules\\express\\lib\\router\\index.js:346:12)\n    at next (D:\\project\\Lms-System-Techzone\\backend\\node_modules\\express\\lib\\router\\index.js:280:10)","timestamp":"2026-07-01 23:15:57"}
{"level":"info","message":"Techzon LMS Backend server running in development mode on port 5000","timestamp":"2026-07-01 23:20:40"}
{"level":"info","message":"MongoDB Atlas connected successfully.","timestamp":"2026-07-01 23:20:40"}
{"level":"info","message":"Automated enrollment expiry check executed. Expired 0 courses subscriptions.","timestamp":"2026-07-01 23:20:40"}
{"level":"info","message":"Techzon LMS Backend server running in development mode on port 5000","timestamp":"2026-07-02 11:03:03"}
{"level":"info","message":"MongoDB Atlas connected successfully.","timestamp":"2026-07-02 11:03:03"}
{"level":"info","message":"Automated enrollment expiry check executed. Expired 0 courses subscriptions.","timestamp":"2026-07-02 11:03:04"}
{"expiredAt":"2026-07-01T18:08:19.000Z","level":"error","message":"jwt expired","name":"TokenExpiredError","stack":"TokenExpiredError: jwt expired\n    at D:\\project\\Lms-System-Techzone\\backend\\node_modules\\jsonwebtoken\\verify.js:190:21\n    at getSecret (D:\\project\\Lms-System-Techzone\\backend\\node_modules\\jsonwebtoken\\verify.js:97:14)\n    at Object.module.exports [as verify] (D:\\project\\Lms-System-Techzone\\backend\\node_modules\\jsonwebtoken\\verify.js:101:10)\n    at verifyAccessToken (D:\\project\\Lms-System-Techzone\\backend\\utils\\token.ts:19:14)\n    at protect (D:\\project\\Lms-System-Techzone\\backend\\middleware\\auth.ts:32:38)\n    at Layer.handle [as handle_request] (D:\\project\\Lms-System-Techzone\\backend\\node_modules\\express\\lib\\router\\layer.js:95:5)\n    at trim_prefix (D:\\project\\Lms-System-Techzone\\backend\\node_modules\\express\\lib\\router\\index.js:328:13)\n    at D:\\project\\Lms-System-Techzone\\backend\\node_modules\\express\\lib\\router\\index.js:286:9\n    at router.process_params (D:\\project\\Lms-System-Techzone\\backend\\node_modules\\express\\lib\\router\\index.js:346:12)\n    at next (D:\\project\\Lms-System-Techzone\\backend\\node_modules\\express\\lib\\router\\index.js:280:10)","timestamp":"2026-07-02 11:03:43"}
{"expiredAt":"2026-07-01T18:08:19.000Z","level":"error","message":"jwt expired","name":"TokenExpiredError","stack":"TokenExpiredError: jwt expired\n    at D:\\project\\Lms-System-Techzone\\backend\\node_modules\\jsonwebtoken\\verify.js:190:21\n    at getSecret (D:\\project\\Lms-System-Techzone\\backend\\node_modules\\jsonwebtoken\\verify.js:97:14)\n    at Object.module.exports [as verify] (D:\\project\\Lms-System-Techzone\\backend\\node_modules\\jsonwebtoken\\verify.js:101:10)\n    at verifyAccessToken (D:\\project\\Lms-System-Techzone\\backend\\utils\\token.ts:19:14)\n    at protect (D:\\project\\Lms-System-Techzone\\backend\\middleware\\auth.ts:32:38)\n    at Layer.handle [as handle_request] (D:\\project\\Lms-System-Techzone\\backend\\node_modules\\express\\lib\\router\\layer.js:95:5)\n    at trim_prefix (D:\\project\\Lms-System-Techzone\\backend\\node_modules\\express\\lib\\router\\index.js:328:13)\n    at D:\\project\\Lms-System-Techzone\\backend\\node_modules\\express\\lib\\router\\index.js:286:9\n    at router.process_params (D:\\project\\Lms-System-Techzone\\backend\\node_modules\\express\\lib\\router\\index.js:346:12)\n    at next (D:\\project\\Lms-System-Techzone\\backend\\node_modules\\express\\lib\\router\\index.js:280:10)","timestamp":"2026-07-02 11:03:43"}
{"level":"info","message":"Techzon LMS Backend server running in development mode on port 5000","timestamp":"2026-07-02 12:04:04"}
{"level":"info","message":"MongoDB Atlas connected successfully.","timestamp":"2026-07-02 12:04:04"}
{"level":"info","message":"Automated enrollment expiry check executed. Expired 0 courses subscriptions.","timestamp":"2026-07-02 12:04:04"}
{"level":"info","message":"Techzon LMS Backend server running in development mode on port 5000","timestamp":"2026-07-02 12:04:25"}
{"level":"info","message":"MongoDB Atlas connected successfully.","timestamp":"2026-07-02 12:04:25"}
{"level":"info","message":"Automated enrollment expiry check executed. Expired 0 courses subscriptions.","timestamp":"2026-07-02 12:04:25"}
{"level":"info","message":"Techzon LMS Backend server running in development mode on port 5000","timestamp":"2026-07-02 12:04:34"}
{"level":"info","message":"MongoDB Atlas connected successfully.","timestamp":"2026-07-02 12:04:34"}
{"level":"info","message":"Automated enrollment expiry check executed. Expired 0 courses subscriptions.","timestamp":"2026-07-02 12:04:34"}
{"level":"info","message":"Techzon LMS Backend server running in development mode on port 5000","timestamp":"2026-07-02 12:04:43"}
{"level":"info","message":"MongoDB Atlas connected successfully.","timestamp":"2026-07-02 12:04:43"}
{"level":"info","message":"Automated enrollment expiry check executed. Expired 0 courses subscriptions.","timestamp":"2026-07-02 12:04:43"}
{"level":"info","message":"Techzon LMS Backend server running in development mode on port 5000","timestamp":"2026-07-02 12:04:51"}
{"level":"info","message":"MongoDB Atlas connected successfully.","timestamp":"2026-07-02 12:04:51"}
{"level":"info","message":"Automated enrollment expiry check executed. Expired 0 courses subscriptions.","timestamp":"2026-07-02 12:04:51"}
{"level":"info","message":"Techzon LMS Backend server running in development mode on port 5000","timestamp":"2026-07-02 12:04:58"}
{"level":"info","message":"MongoDB Atlas connected successfully.","timestamp":"2026-07-02 12:04:58"}
{"level":"info","message":"Automated enrollment expiry check executed. Expired 0 courses subscriptions.","timestamp":"2026-07-02 12:04:58"}
{"level":"info","message":"Techzon LMS Backend server running in development mode on port 5000","timestamp":"2026-07-02 12:05:02"}
{"level":"info","message":"MongoDB Atlas connected successfully.","timestamp":"2026-07-02 12:05:02"}
{"level":"info","message":"Automated enrollment expiry check executed. Expired 0 courses subscriptions.","timestamp":"2026-07-02 12:05:03"}
{"level":"info","message":"Techzon LMS Backend server running in development mode on port 5000","timestamp":"2026-07-02 12:14:04"}
{"level":"info","message":"MongoDB Atlas connected successfully.","timestamp":"2026-07-02 12:14:05"}
{"level":"info","message":"Automated enrollment expiry check executed. Expired 0 courses subscriptions.","timestamp":"2026-07-02 12:14:05"}
{"level":"info","message":"Techzon LMS Backend server running in development mode on port 5000","timestamp":"2026-07-02 12:14:14"}
{"level":"info","message":"MongoDB Atlas connected successfully.","timestamp":"2026-07-02 12:14:14"}
{"level":"info","message":"Automated enrollment expiry check executed. Expired 0 courses subscriptions.","timestamp":"2026-07-02 12:14:14"}
{"level":"info","message":"Techzon LMS Backend server running in development mode on port 5000","timestamp":"2026-07-02 12:21:25"}
{"level":"info","message":"MongoDB Atlas connected successfully.","timestamp":"2026-07-02 12:21:25"}
{"level":"info","message":"Automated enrollment expiry check executed. Expired 0 courses subscriptions.","timestamp":"2026-07-02 12:21:25"}
{"level":"info","message":"Techzon LMS Backend server running in development mode on port 5000","timestamp":"2026-07-02 12:22:25"}
{"level":"info","message":"MongoDB Atlas connected successfully.","timestamp":"2026-07-02 12:22:25"}
{"level":"info","message":"Automated enrollment expiry check executed. Expired 0 courses subscriptions.","timestamp":"2026-07-02 12:22:25"}
{"level":"info","message":"Techzon LMS Backend server running in development mode on port 5000","timestamp":"2026-07-02 12:22:31"}
{"level":"info","message":"MongoDB Atlas connected successfully.","timestamp":"2026-07-02 12:22:31"}
{"level":"info","message":"Automated enrollment expiry check executed. Expired 0 courses subscriptions.","timestamp":"2026-07-02 12:22:31"}
